<?xml version="1.0" encoding="UTF-8"?>
<testng-results ignored="0" total="8" passed="7" failed="1" skipped="0">
  <reporter-output>
  </reporter-output>
  <suite started-at="2024-06-12T23:09:35 CDT" name="Crater_Regression" finished-at="2024-06-12T23:09:40 CDT" duration-ms="5262">
    <groups>
      <group name="regression">
        <method signature="Items_management_api.list_all_items()[pri:0, instance:api_tests.Items_management_api@5b239d7d]" name="list_all_items" class="api_tests.Items_management_api"/>
      </group> <!-- regression -->
      <group name="smoke-tests">
        <method signature="Items_management_api.login_test()[pri:0, instance:api_tests.Items_management_api@5b239d7d]" name="login_test" class="api_tests.Items_management_api"/>
        <method signature="Items_management_api.list_all_items()[pri:0, instance:api_tests.Items_management_api@5b239d7d]" name="list_all_items" class="api_tests.Items_management_api"/>
      </group> <!-- smoke-tests -->
    </groups>
    <test started-at="2024-06-12T23:09:35 CDT" name="Crater Regression Tests" finished-at="2024-06-12T23:09:40 CDT" duration-ms="5262">
      <class name="api_tests.TestNGDemo">
        <test-method is-config="true" signature="setup()[pri:0, instance:api_tests.TestNGDemo@6c64cb25]" started-at="2024-06-12T23:09:40 CDT" name="setup" finished-at="2024-06-12T23:09:40 CDT" duration-ms="4" status="PASS">
          <reporter-output>
          </reporter-output>
        </test-method> <!-- setup -->
        <test-method signature="demoTest()[pri:1, instance:api_tests.TestNGDemo@6c64cb25]" started-at="2024-06-12T23:09:40 CDT" name="demoTest" finished-at="2024-06-12T23:09:40 CDT" duration-ms="1" status="PASS">
          <reporter-output>
          </reporter-output>
        </test-method> <!-- demoTest -->
        <test-method is-config="true" signature="setup()[pri:0, instance:api_tests.TestNGDemo@6c64cb25]" started-at="2024-06-12T23:09:40 CDT" name="setup" finished-at="2024-06-12T23:09:40 CDT" duration-ms="1" status="PASS">
          <reporter-output>
          </reporter-output>
        </test-method> <!-- setup -->
        <test-method is-config="true" signature="wrapup()[pri:0, instance:api_tests.TestNGDemo@6c64cb25]" started-at="2024-06-12T23:09:40 CDT" name="wrapup" finished-at="2024-06-12T23:09:40 CDT" duration-ms="0" status="PASS">
          <reporter-output>
          </reporter-output>
        </test-method> <!-- wrapup -->
        <test-method signature="anotherTest()[pri:2, instance:api_tests.TestNGDemo@6c64cb25]" started-at="2024-06-12T23:09:40 CDT" name="anotherTest" finished-at="2024-06-12T23:09:40 CDT" duration-ms="1" status="PASS">
          <reporter-output>
          </reporter-output>
        </test-method> <!-- anotherTest -->
        <test-method is-config="true" signature="wrapup()[pri:0, instance:api_tests.TestNGDemo@6c64cb25]" started-at="2024-06-12T23:09:40 CDT" name="wrapup" finished-at="2024-06-12T23:09:40 CDT" duration-ms="0" status="PASS">
          <reporter-output>
          </reporter-output>
        </test-method> <!-- wrapup -->
      </class> <!-- api_tests.TestNGDemo -->
      <class name="api_tests.Items_management_api">
        <test-method signature="login_test()[pri:0, instance:api_tests.Items_management_api@5b239d7d]" started-at="2024-06-12T23:09:35 CDT" name="login_test" finished-at="2024-06-12T23:09:37 CDT" duration-ms="1644" status="PASS">
          <reporter-output>
          </reporter-output>
        </test-method> <!-- login_test -->
        <test-method signature="create_item()[pri:0, instance:api_tests.Items_management_api@5b239d7d]" started-at="2024-06-12T23:09:37 CDT" name="create_item" finished-at="2024-06-12T23:09:38 CDT" depends-on-methods="api_tests.Items_management_api.login_test" duration-ms="824" status="PASS">
          <reporter-output>
          </reporter-output>
        </test-method> <!-- create_item -->
        <test-method signature="get_item()[pri:0, instance:api_tests.Items_management_api@5b239d7d]" started-at="2024-06-12T23:09:38 CDT" name="get_item" finished-at="2024-06-12T23:09:38 CDT" depends-on-methods="api_tests.Items_management_api.create_item" duration-ms="551" status="PASS">
          <reporter-output>
          </reporter-output>
        </test-method> <!-- get_item -->
        <test-method signature="delete_item()[pri:0, instance:api_tests.Items_management_api@5b239d7d]" started-at="2024-06-12T23:09:38 CDT" name="delete_item" finished-at="2024-06-12T23:09:38 CDT" depends-on-methods="api_tests.Items_management_api.get_item" duration-ms="196" status="PASS">
          <reporter-output>
          </reporter-output>
        </test-method> <!-- delete_item -->
        <test-method signature="list_all_items()[pri:0, instance:api_tests.Items_management_api@5b239d7d]" started-at="2024-06-12T23:09:38 CDT" name="list_all_items" finished-at="2024-06-12T23:09:40 CDT" depends-on-methods="api_tests.Items_management_api.login_test" duration-ms="1478" status="PASS">
          <reporter-output>
          </reporter-output>
        </test-method> <!-- list_all_items -->
        <test-method signature="update_item()[pri:0, instance:api_tests.Items_management_api@5b239d7d]" started-at="2024-06-12T23:09:40 CDT" name="update_item" finished-at="2024-06-12T23:09:40 CDT" depends-on-methods="api_tests.Items_management_api.create_item" duration-ms="503" status="FAIL">
          <exception class="java.lang.AssertionError">
            <message>
              <![CDATA[1 expectation failed.
Expected status code <200> but was <404>.
]]>
            </message>
            <full-stacktrace>
              <![CDATA[java.lang.AssertionError: 1 expectation failed.
Expected status code <200> but was <404>.

at java.base/jdk.internal.reflect.DirectConstructorHandleAccessor.newInstance(DirectConstructorHandleAccessor.java:62)
at java.base/java.lang.reflect.Constructor.newInstanceWithCaller(Constructor.java:502)
at java.base/java.lang.reflect.Constructor.newInstance(Constructor.java:486)
at org.codehaus.groovy.reflection.CachedConstructor.invoke(CachedConstructor.java:73)
at org.codehaus.groovy.runtime.callsite.ConstructorSite$ConstructorSiteNoUnwrapNoCoerce.callConstructor(ConstructorSite.java:108)
at org.codehaus.groovy.runtime.callsite.CallSiteArray.defaultCallConstructor(CallSiteArray.java:57)
at org.codehaus.groovy.runtime.callsite.AbstractCallSite.callConstructor(AbstractCallSite.java:263)
at org.codehaus.groovy.runtime.callsite.AbstractCallSite.callConstructor(AbstractCallSite.java:277)
at io.restassured.internal.ResponseSpecificationImpl$HamcrestAssertionClosure.validate(ResponseSpecificationImpl.groovy:512)
at io.restassured.internal.ResponseSpecificationImpl$HamcrestAssertionClosure$validate$1.call(Unknown Source)
at io.restassured.internal.ResponseSpecificationImpl.validateResponseIfRequired(ResponseSpecificationImpl.groovy:696)
at io.restassured.internal.ResponseSpecificationImpl.this$2$validateResponseIfRequired(ResponseSpecificationImpl.groovy)
at java.base/jdk.internal.reflect.DirectMethodHandleAccessor.invoke(DirectMethodHandleAccessor.java:103)
at java.base/java.lang.reflect.Method.invoke(Method.java:580)
at org.codehaus.groovy.runtime.callsite.PlainObjectMetaMethodSite.doInvoke(PlainObjectMetaMethodSite.java:43)
at org.codehaus.groovy.runtime.callsite.PogoMetaMethodSite$PogoCachedMethodSiteNoUnwrapNoCoerce.invoke(PogoMetaMethodSite.java:198)
at org.codehaus.groovy.runtime.callsite.PogoMetaMethodSite.callCurrent(PogoMetaMethodSite.java:62)
at org.codehaus.groovy.runtime.callsite.AbstractCallSite.callCurrent(AbstractCallSite.java:185)
at io.restassured.internal.ResponseSpecificationImpl.statusCode(ResponseSpecificationImpl.groovy:135)
at io.restassured.specification.ResponseSpecification$statusCode$0.callCurrent(Unknown Source)
at io.restassured.internal.ResponseSpecificationImpl.statusCode(ResponseSpecificationImpl.groovy:143)
at io.restassured.internal.ValidatableResponseOptionsImpl.statusCode(ValidatableResponseOptionsImpl.java:89)
at api_tests.Items_management_api.update_item(Items_management_api.java:114)
at java.base/jdk.internal.reflect.DirectMethodHandleAccessor.invoke(DirectMethodHandleAccessor.java:103)
at java.base/java.lang.reflect.Method.invoke(Method.java:580)
at org.testng.internal.invokers.MethodInvocationHelper.invokeMethod(MethodInvocationHelper.java:141)
at org.testng.internal.invokers.TestInvoker.invokeMethod(TestInvoker.java:686)
at org.testng.internal.invokers.TestInvoker.invokeTestMethod(TestInvoker.java:230)
at org.testng.internal.invokers.MethodRunner.runInSequence(MethodRunner.java:63)
at org.testng.internal.invokers.TestInvoker$MethodInvocationAgent.invoke(TestInvoker.java:992)
at org.testng.internal.invokers.TestInvoker.invokeTestMethods(TestInvoker.java:203)
at org.testng.internal.invokers.TestMethodWorker.invokeTestMethods(TestMethodWorker.java:154)
at org.testng.internal.invokers.TestMethodWorker.run(TestMethodWorker.java:134)
at java.base/java.util.ArrayList.forEach(ArrayList.java:1597)
at org.testng.TestRunner.privateRun(TestRunner.java:739)
at org.testng.TestRunner.run(TestRunner.java:614)
at org.testng.SuiteRunner.runTest(SuiteRunner.java:421)
at org.testng.SuiteRunner.runSequentially(SuiteRunner.java:413)
at org.testng.SuiteRunner.privateRun(SuiteRunner.java:373)
at org.testng.SuiteRunner.run(SuiteRunner.java:312)
at org.testng.SuiteRunnerWorker.runSuite(SuiteRunnerWorker.java:52)
at org.testng.SuiteRunnerWorker.run(SuiteRunnerWorker.java:95)
at org.testng.TestNG.runSuitesSequentially(TestNG.java:1274)
at org.testng.TestNG.runSuitesLocally(TestNG.java:1208)
at org.testng.TestNG.runSuites(TestNG.java:1112)
at org.testng.TestNG.run(TestNG.java:1079)
at org.testng.remote.AbstractRemoteTestNG.run(AbstractRemoteTestNG.java:115)
at org.testng.remote.RemoteTestNG.initAndRun(RemoteTestNG.java:293)
at org.testng.remote.RemoteTestNG.main(RemoteTestNG.java:91)
]]>
            </full-stacktrace>
          </exception> <!-- java.lang.AssertionError -->
          <reporter-output>
          </reporter-output>
        </test-method> <!-- update_item -->
      </class> <!-- api_tests.Items_management_api -->
    </test> <!-- Crater Regression Tests -->
  </suite> <!-- Crater_Regression -->
</testng-results>
